<?xml version="1.0" encoding="UTF-8"?>
<!-- Generated by org.testng.reporters.JUnitReportReporter -->
<testsuite hostname="USER" failures="0" tests="1" name="TestCases.TC002" time="77.737" errors="0" timestamp="2024-11-30T13:20:22 IST" skipped="0">
  <testcase classname="TestCases.TC002" name="validateSearchFunction" time="77.737"/>
</testsuite> <!-- TestCases.TC002 -->
