<?xml version="1.0" encoding="UTF-8"?>
<!-- Generated by org.testng.reporters.JUnitReportReporter -->
<testsuite hostname="USER" failures="0" tests="1" name="TestCases.TC001" time="57.413" errors="0" timestamp="2024-11-30T13:20:22 IST" skipped="0">
  <testcase classname="TestCases.TC001" name="verifyLogin" time="57.413"/>
</testsuite> <!-- TestCases.TC001 -->
